<?xml version="1.0" encoding="UTF-8"?>
<!-- Generated by org.testng.reporters.JUnitXMLReporter -->
<testsuite ignored="0" hostname="INBAN5CG8441LZD" failures="0" tests="20" name="Test" time="21.645" errors="0" timestamp="05 Dec 2020 07:40:53 GMT">
  <testcase classname="testcases.TestAPI" name="check_fields_for_api_with_date" time="1.593"/>
  <testcase classname="testcases.TestAPI" name="check_fields_for_api_with_woeid" time="1.254"/>
  <testcase classname="testcases.TestAPI" name="check_fields_for_consolidated_weather" time="1.261"/>
  <testcase classname="testcases.TestAPI" name="check_head_req_date_url" time="0.846"/>
  <testcase classname="testcases.TestAPI" name="check_head_req_query_url" time="0.526"/>
  <testcase classname="testcases.TestAPI" name="check_head_req_woeid_url" time="0.82"/>
  <testcase classname="testcases.TestAPI" name="check_number_of_forecast_with_woeid_url" time="1.26"/>
  <testcase classname="testcases.TestAPI" name="check_options_req_date_url" time="0.495"/>
  <testcase classname="testcases.TestAPI" name="check_options_req_query_url" time="0.482"/>
  <testcase classname="testcases.TestAPI" name="check_options_req_woeid_url" time="0.5"/>
  <testcase classname="testcases.TestAPI" name="check_post_req_date_url" time="0.535"/>
  <testcase classname="testcases.TestAPI" name="check_post_req_query_url" time="0.492"/>
  <testcase classname="testcases.TestAPI" name="check_post_req_woeid_url" time="0.59"/>
  <testcase classname="testcases.TestAPI" name="check_put_req_date_url" time="0.475"/>
  <testcase classname="testcases.TestAPI" name="check_put_req_query_url" time="0.506"/>
  <testcase classname="testcases.TestAPI" name="check_put_req_woeid_url" time="0.497"/>
  <testcase classname="testcases.TestAPI" name="check_response_for_country_woeid_url" time="0.921"/>
  <testcase classname="testcases.TestAPI" name="weather_report_for_anydate_for_entered_location" time="1.697"/>
  <testcase classname="testcases.TestAPI" name="weather_report_for_tomorrow_for_entered_location" time="1.321"/>
  <testcase classname="testcases.TestAPI" name="check_get_after_post_req_woeid_url" time="1.662"/>
</testsuite> <!-- Test -->
