<?xml version="1.0" encoding="UTF-8"?>
<!-- Generated by org.testng.reporters.JUnitXMLReporter -->
<testsuite ignored="0" hostname="INBAN5CG8441LZD" failures="0" tests="20" name="Test" time="26.365" errors="0" timestamp="2020-12-05T13:00:59 IST">
  <testcase classname="testcases.TestAPI" name="check_fields_for_api_with_date" time="1.69"/>
  <testcase classname="testcases.TestAPI" name="check_fields_for_api_with_woeid" time="1.401"/>
  <testcase classname="testcases.TestAPI" name="check_fields_for_consolidated_weather" time="1.656"/>
  <testcase classname="testcases.TestAPI" name="check_head_req_date_url" time="0.861"/>
  <testcase classname="testcases.TestAPI" name="check_head_req_query_url" time="0.735"/>
  <testcase classname="testcases.TestAPI" name="check_head_req_woeid_url" time="1.414"/>
  <testcase classname="testcases.TestAPI" name="check_number_of_forecast_with_woeid_url" time="1.686"/>
  <testcase classname="testcases.TestAPI" name="check_options_req_date_url" time="0.644"/>
  <testcase classname="testcases.TestAPI" name="check_options_req_query_url" time="0.717"/>
  <testcase classname="testcases.TestAPI" name="check_options_req_woeid_url" time="0.75"/>
  <testcase classname="testcases.TestAPI" name="check_post_req_date_url" time="0.682"/>
  <testcase classname="testcases.TestAPI" name="check_post_req_query_url" time="0.758"/>
  <testcase classname="testcases.TestAPI" name="check_post_req_woeid_url" time="0.654"/>
  <testcase classname="testcases.TestAPI" name="check_put_req_date_url" time="0.674"/>
  <testcase classname="testcases.TestAPI" name="check_put_req_query_url" time="0.678"/>
  <testcase classname="testcases.TestAPI" name="check_put_req_woeid_url" time="0.686"/>
  <testcase classname="testcases.TestAPI" name="check_response_for_country_woeid_url" time="1.226"/>
  <testcase classname="testcases.TestAPI" name="weather_report_for_anydate_for_entered_location" time="1.652"/>
  <testcase classname="testcases.TestAPI" name="weather_report_for_tomorrow_for_entered_location" time="1.462"/>
  <testcase classname="testcases.TestAPI" name="check_get_after_post_req_woeid_url" time="2.48"/>
</testsuite> <!-- Test -->
