<?xml version="1.0" encoding="UTF-8"?>
<testsuite xmlns:xsi="http://www.w3.org/2001/XMLSchema-instance" xsi:noNamespaceSchemaLocation="https://maven.apache.org/surefire/maven-surefire-plugin/xsd/surefire-test-report-3.0.xsd" version="3.0" name="TestSuite" time="28.105" tests="20" errors="0" skipped="0" failures="0">
  <properties>
[...]
</properties>
  <testcase name="check_fields_for_api_with_date[2018/10/17](1)" classname="testcases.TestAPI" time="1.692"/>
  <testcase name="check_fields_for_api_with_woeid" classname="testcases.TestAPI" time="1.401"/>
  <testcase name="check_fields_for_consolidated_weather" classname="testcases.TestAPI" time="1.655"/>
  <testcase name="check_head_req_date_url[2018/10/17](1)" classname="testcases.TestAPI" time="0.863"/>
  <testcase name="check_head_req_query_url" classname="testcases.TestAPI" time="0.735"/>
  <testcase name="check_head_req_woeid_url" classname="testcases.TestAPI" time="1.415"/>
  <testcase name="check_number_of_forecast_with_woeid_url" classname="testcases.TestAPI" time="1.685"/>
  <testcase name="check_options_req_date_url[2018/10/17](1)" classname="testcases.TestAPI" time="0.645"/>
  <testcase name="check_options_req_query_url" classname="testcases.TestAPI" time="0.718"/>
  <testcase name="check_options_req_woeid_url" classname="testcases.TestAPI" time="0.75"/>
  <testcase name="check_post_req_date_url[2018/10/17](1)" classname="testcases.TestAPI" time="0.683"/>
  <testcase name="check_post_req_query_url" classname="testcases.TestAPI" time="0.758"/>
  <testcase name="check_post_req_woeid_url" classname="testcases.TestAPI" time="0.653"/>
  <testcase name="check_put_req_date_url[2018/10/17](1)" classname="testcases.TestAPI" time="0.674"/>
  <testcase name="check_put_req_query_url" classname="testcases.TestAPI" time="0.678"/>
  <testcase name="check_put_req_woeid_url" classname="testcases.TestAPI" time="0.685"/>
  <testcase name="check_response_for_country_woeid_url[23424848](1)" classname="testcases.TestAPI" time="1.226"/>
  <testcase name="weather_report_for_anydate_for_entered_location[2018/10/17](1)" classname="testcases.TestAPI" time="1.649"/>
  <testcase name="weather_report_for_tomorrow_for_entered_location" classname="testcases.TestAPI" time="1.462"/>
  <testcase name="check_get_after_post_req_woeid_url" classname="testcases.TestAPI" time="2.479"/>
</testsuite>