<?xml version="1.0" encoding="UTF-8"?>
<testng-results ignored="0" total="20" passed="20" failed="0" skipped="0">
  <reporter-output>
  </reporter-output>
  <suite started-at="2020-12-05T07:40:31Z" name="Suite" finished-at="2020-12-05T07:40:53Z" duration-ms="21645">
    <groups>
    </groups>
    <test started-at="2020-12-05T07:40:31Z" name="Test" finished-at="2020-12-05T07:40:53Z" duration-ms="21645">
      <class name="testcases.TestAPI">
        <test-method is-config="true" signature="setupSuite()[pri:0, instance:testcases.TestAPI@7748410a]" started-at="2020-12-05T07:40:30Z" name="setupSuite" finished-at="2020-12-05T07:40:31Z" duration-ms="1042" status="PASS">
          <reporter-output>
          </reporter-output>
        </test-method> <!-- setupSuite -->
        <test-method is-config="true" signature="response_to_get_woeid_from_api(java.lang.String)[pri:0, instance:testcases.TestAPI@7748410a]" started-at="2020-12-05T07:40:31Z" name="response_to_get_woeid_from_api" finished-at="2020-12-05T07:40:34Z" duration-ms="2982" status="PASS">
          <params>
            <param index="0">
              <value>
                <![CDATA[Nottingham]]>
              </value>
            </param>
          </params>
          <reporter-output>
          </reporter-output>
        </test-method> <!-- response_to_get_woeid_from_api -->
        <test-method is-config="true" signature="method_name(java.lang.reflect.Method)[pri:0, instance:testcases.TestAPI@7748410a]" started-at="2020-12-05T07:40:34Z" name="method_name" finished-at="2020-12-05T07:40:34Z" duration-ms="4" status="PASS">
          <params>
            <param index="0">
              <value>
                <![CDATA[public void testcases.TestAPI.check_fields_for_api_with_date(java.lang.String)]]>
              </value>
            </param>
          </params>
          <reporter-output>
          </reporter-output>
        </test-method> <!-- method_name -->
        <test-method signature="check_fields_for_api_with_date(java.lang.String)[pri:0, instance:testcases.TestAPI@7748410a]" started-at="2020-12-05T07:40:34Z" name="check_fields_for_api_with_date" finished-at="2020-12-05T07:40:36Z" duration-ms="1593" status="PASS">
          <params>
            <param index="0">
              <value>
                <![CDATA[2018/10/17]]>
              </value>
            </param>
          </params>
          <reporter-output>
          </reporter-output>
        </test-method> <!-- check_fields_for_api_with_date -->
        <test-method is-config="true" signature="tear(org.testng.ITestResult)[pri:0, instance:testcases.TestAPI@7748410a]" started-at="2020-12-05T07:40:36Z" name="tear" finished-at="2020-12-05T07:40:36Z" duration-ms="274" status="PASS">
          <params>
            <param index="0">
              <value>
                <![CDATA[[TestResult name=check_fields_for_api_with_date status=SUCCESS method=TestAPI.check_fields_for_api_with_date(java.lang.String)[pri:0, instance:testcases.TestAPI@7748410a] output={null}]]]>
              </value>
            </param>
          </params>
          <reporter-output>
          </reporter-output>
        </test-method> <!-- tear -->
        <test-method signature="check_fields_for_api_with_woeid()[pri:0, instance:testcases.TestAPI@7748410a]" started-at="2020-12-05T07:40:36Z" name="check_fields_for_api_with_woeid" finished-at="2020-12-05T07:40:37Z" duration-ms="1254" status="PASS">
          <reporter-output>
          </reporter-output>
        </test-method> <!-- check_fields_for_api_with_woeid -->
        <test-method is-config="true" signature="method_name(java.lang.reflect.Method)[pri:0, instance:testcases.TestAPI@7748410a]" started-at="2020-12-05T07:40:36Z" name="method_name" finished-at="2020-12-05T07:40:36Z" duration-ms="0" status="PASS">
          <params>
            <param index="0">
              <value>
                <![CDATA[public void testcases.TestAPI.check_fields_for_api_with_woeid()]]>
              </value>
            </param>
          </params>
          <reporter-output>
          </reporter-output>
        </test-method> <!-- method_name -->
        <test-method is-config="true" signature="tear(org.testng.ITestResult)[pri:0, instance:testcases.TestAPI@7748410a]" started-at="2020-12-05T07:40:37Z" name="tear" finished-at="2020-12-05T07:40:37Z" duration-ms="33" status="PASS">
          <params>
            <param index="0">
              <value>
                <![CDATA[[TestResult name=check_fields_for_api_with_woeid status=SUCCESS method=TestAPI.check_fields_for_api_with_woeid()[pri:0, instance:testcases.TestAPI@7748410a] output={null}]]]>
              </value>
            </param>
          </params>
          <reporter-output>
          </reporter-output>
        </test-method> <!-- tear -->
        <test-method is-config="true" signature="method_name(java.lang.reflect.Method)[pri:0, instance:testcases.TestAPI@7748410a]" started-at="2020-12-05T07:40:37Z" name="method_name" finished-at="2020-12-05T07:40:37Z" duration-ms="1" status="PASS">
          <params>
            <param index="0">
              <value>
                <![CDATA[public void testcases.TestAPI.check_fields_for_consolidated_weather()]]>
              </value>
            </param>
          </params>
          <reporter-output>
          </reporter-output>
        </test-method> <!-- method_name -->
        <test-method signature="check_fields_for_consolidated_weather()[pri:0, instance:testcases.TestAPI@7748410a]" started-at="2020-12-05T07:40:37Z" name="check_fields_for_consolidated_weather" finished-at="2020-12-05T07:40:39Z" duration-ms="1261" status="PASS">
          <reporter-output>
          </reporter-output>
        </test-method> <!-- check_fields_for_consolidated_weather -->
        <test-method is-config="true" signature="tear(org.testng.ITestResult)[pri:0, instance:testcases.TestAPI@7748410a]" started-at="2020-12-05T07:40:39Z" name="tear" finished-at="2020-12-05T07:40:39Z" duration-ms="39" status="PASS">
          <params>
            <param index="0">
              <value>
                <![CDATA[[TestResult name=check_fields_for_consolidated_weather status=SUCCESS method=TestAPI.check_fields_for_consolidated_weather()[pri:0, instance:testcases.TestAPI@7748410a] output={null}]]]>
              </value>
            </param>
          </params>
          <reporter-output>
          </reporter-output>
        </test-method> <!-- tear -->
        <test-method is-config="true" signature="method_name(java.lang.reflect.Method)[pri:0, instance:testcases.TestAPI@7748410a]" started-at="2020-12-05T07:40:39Z" name="method_name" finished-at="2020-12-05T07:40:39Z" duration-ms="0" status="PASS">
          <params>
            <param index="0">
              <value>
                <![CDATA[public void testcases.TestAPI.check_head_req_date_url(java.lang.String)]]>
              </value>
            </param>
          </params>
          <reporter-output>
          </reporter-output>
        </test-method> <!-- method_name -->
        <test-method signature="check_head_req_date_url(java.lang.String)[pri:0, instance:testcases.TestAPI@7748410a]" started-at="2020-12-05T07:40:39Z" name="check_head_req_date_url" finished-at="2020-12-05T07:40:40Z" duration-ms="846" status="PASS">
          <params>
            <param index="0">
              <value>
                <![CDATA[2018/10/17]]>
              </value>
            </param>
          </params>
          <reporter-output>
          </reporter-output>
        </test-method> <!-- check_head_req_date_url -->
        <test-method is-config="true" signature="tear(org.testng.ITestResult)[pri:0, instance:testcases.TestAPI@7748410a]" started-at="2020-12-05T07:40:40Z" name="tear" finished-at="2020-12-05T07:40:40Z" duration-ms="35" status="PASS">
          <params>
            <param index="0">
              <value>
                <![CDATA[[TestResult name=check_head_req_date_url status=SUCCESS method=TestAPI.check_head_req_date_url(java.lang.String)[pri:0, instance:testcases.TestAPI@7748410a] output={null}]]]>
              </value>
            </param>
          </params>
          <reporter-output>
          </reporter-output>
        </test-method> <!-- tear -->
        <test-method is-config="true" signature="method_name(java.lang.reflect.Method)[pri:0, instance:testcases.TestAPI@7748410a]" started-at="2020-12-05T07:40:40Z" name="method_name" finished-at="2020-12-05T07:40:40Z" duration-ms="0" status="PASS">
          <params>
            <param index="0">
              <value>
                <![CDATA[public void testcases.TestAPI.check_head_req_query_url()]]>
              </value>
            </param>
          </params>
          <reporter-output>
          </reporter-output>
        </test-method> <!-- method_name -->
        <test-method signature="check_head_req_query_url()[pri:0, instance:testcases.TestAPI@7748410a]" started-at="2020-12-05T07:40:40Z" name="check_head_req_query_url" finished-at="2020-12-05T07:40:40Z" duration-ms="526" status="PASS">
          <reporter-output>
          </reporter-output>
        </test-method> <!-- check_head_req_query_url -->
        <test-method is-config="true" signature="tear(org.testng.ITestResult)[pri:0, instance:testcases.TestAPI@7748410a]" started-at="2020-12-05T07:40:40Z" name="tear" finished-at="2020-12-05T07:40:40Z" duration-ms="30" status="PASS">
          <params>
            <param index="0">
              <value>
                <![CDATA[[TestResult name=check_head_req_query_url status=SUCCESS method=TestAPI.check_head_req_query_url()[pri:0, instance:testcases.TestAPI@7748410a] output={null}]]]>
              </value>
            </param>
          </params>
          <reporter-output>
          </reporter-output>
        </test-method> <!-- tear -->
        <test-method is-config="true" signature="method_name(java.lang.reflect.Method)[pri:0, instance:testcases.TestAPI@7748410a]" started-at="2020-12-05T07:40:40Z" name="method_name" finished-at="2020-12-05T07:40:40Z" duration-ms="2" status="PASS">
          <params>
            <param index="0">
              <value>
                <![CDATA[public void testcases.TestAPI.check_head_req_woeid_url() throws java.lang.InterruptedException]]>
              </value>
            </param>
          </params>
          <reporter-output>
          </reporter-output>
        </test-method> <!-- method_name -->
        <test-method signature="check_head_req_woeid_url()[pri:0, instance:testcases.TestAPI@7748410a]" started-at="2020-12-05T07:40:40Z" name="check_head_req_woeid_url" finished-at="2020-12-05T07:40:41Z" duration-ms="820" status="PASS">
          <reporter-output>
          </reporter-output>
        </test-method> <!-- check_head_req_woeid_url -->
        <test-method is-config="true" signature="tear(org.testng.ITestResult)[pri:0, instance:testcases.TestAPI@7748410a]" started-at="2020-12-05T07:40:41Z" name="tear" finished-at="2020-12-05T07:40:41Z" duration-ms="38" status="PASS">
          <params>
            <param index="0">
              <value>
                <![CDATA[[TestResult name=check_head_req_woeid_url status=SUCCESS method=TestAPI.check_head_req_woeid_url()[pri:0, instance:testcases.TestAPI@7748410a] output={null}]]]>
              </value>
            </param>
          </params>
          <reporter-output>
          </reporter-output>
        </test-method> <!-- tear -->
        <test-method is-config="true" signature="method_name(java.lang.reflect.Method)[pri:0, instance:testcases.TestAPI@7748410a]" started-at="2020-12-05T07:40:41Z" name="method_name" finished-at="2020-12-05T07:40:41Z" duration-ms="0" status="PASS">
          <params>
            <param index="0">
              <value>
                <![CDATA[public void testcases.TestAPI.check_number_of_forecast_with_woeid_url()]]>
              </value>
            </param>
          </params>
          <reporter-output>
          </reporter-output>
        </test-method> <!-- method_name -->
        <test-method signature="check_number_of_forecast_with_woeid_url()[pri:0, instance:testcases.TestAPI@7748410a]" started-at="2020-12-05T07:40:41Z" name="check_number_of_forecast_with_woeid_url" finished-at="2020-12-05T07:40:42Z" duration-ms="1260" status="PASS">
          <reporter-output>
          </reporter-output>
        </test-method> <!-- check_number_of_forecast_with_woeid_url -->
        <test-method is-config="true" signature="tear(org.testng.ITestResult)[pri:0, instance:testcases.TestAPI@7748410a]" started-at="2020-12-05T07:40:42Z" name="tear" finished-at="2020-12-05T07:40:42Z" duration-ms="28" status="PASS">
          <params>
            <param index="0">
              <value>
                <![CDATA[[TestResult name=check_number_of_forecast_with_woeid_url status=SUCCESS method=TestAPI.check_number_of_forecast_with_woeid_url()[pri:0, instance:testcases.TestAPI@7748410a] output={null}]]]>
              </value>
            </param>
          </params>
          <reporter-output>
          </reporter-output>
        </test-method> <!-- tear -->
        <test-method is-config="true" signature="method_name(java.lang.reflect.Method)[pri:0, instance:testcases.TestAPI@7748410a]" started-at="2020-12-05T07:40:42Z" name="method_name" finished-at="2020-12-05T07:40:42Z" duration-ms="0" status="PASS">
          <params>
            <param index="0">
              <value>
                <![CDATA[public void testcases.TestAPI.check_options_req_date_url(java.lang.String)]]>
              </value>
            </param>
          </params>
          <reporter-output>
          </reporter-output>
        </test-method> <!-- method_name -->
        <test-method signature="check_options_req_date_url(java.lang.String)[pri:0, instance:testcases.TestAPI@7748410a]" started-at="2020-12-05T07:40:42Z" name="check_options_req_date_url" finished-at="2020-12-05T07:40:43Z" duration-ms="495" status="PASS">
          <params>
            <param index="0">
              <value>
                <![CDATA[2018/10/17]]>
              </value>
            </param>
          </params>
          <reporter-output>
          </reporter-output>
        </test-method> <!-- check_options_req_date_url -->
        <test-method is-config="true" signature="tear(org.testng.ITestResult)[pri:0, instance:testcases.TestAPI@7748410a]" started-at="2020-12-05T07:40:43Z" name="tear" finished-at="2020-12-05T07:40:43Z" duration-ms="30" status="PASS">
          <params>
            <param index="0">
              <value>
                <![CDATA[[TestResult name=check_options_req_date_url status=SUCCESS method=TestAPI.check_options_req_date_url(java.lang.String)[pri:0, instance:testcases.TestAPI@7748410a] output={null}]]]>
              </value>
            </param>
          </params>
          <reporter-output>
          </reporter-output>
        </test-method> <!-- tear -->
        <test-method is-config="true" signature="method_name(java.lang.reflect.Method)[pri:0, instance:testcases.TestAPI@7748410a]" started-at="2020-12-05T07:40:43Z" name="method_name" finished-at="2020-12-05T07:40:43Z" duration-ms="1" status="PASS">
          <params>
            <param index="0">
              <value>
                <![CDATA[public void testcases.TestAPI.check_options_req_query_url()]]>
              </value>
            </param>
          </params>
          <reporter-output>
          </reporter-output>
        </test-method> <!-- method_name -->
        <test-method signature="check_options_req_query_url()[pri:0, instance:testcases.TestAPI@7748410a]" started-at="2020-12-05T07:40:43Z" name="check_options_req_query_url" finished-at="2020-12-05T07:40:43Z" duration-ms="482" status="PASS">
          <reporter-output>
          </reporter-output>
        </test-method> <!-- check_options_req_query_url -->
        <test-method is-config="true" signature="tear(org.testng.ITestResult)[pri:0, instance:testcases.TestAPI@7748410a]" started-at="2020-12-05T07:40:43Z" name="tear" finished-at="2020-12-05T07:40:43Z" duration-ms="36" status="PASS">
          <params>
            <param index="0">
              <value>
                <![CDATA[[TestResult name=check_options_req_query_url status=SUCCESS method=TestAPI.check_options_req_query_url()[pri:0, instance:testcases.TestAPI@7748410a] output={null}]]]>
              </value>
            </param>
          </params>
          <reporter-output>
          </reporter-output>
        </test-method> <!-- tear -->
        <test-method signature="check_options_req_woeid_url()[pri:0, instance:testcases.TestAPI@7748410a]" started-at="2020-12-05T07:40:43Z" name="check_options_req_woeid_url" finished-at="2020-12-05T07:40:44Z" duration-ms="500" status="PASS">
          <reporter-output>
          </reporter-output>
        </test-method> <!-- check_options_req_woeid_url -->
        <test-method is-config="true" signature="method_name(java.lang.reflect.Method)[pri:0, instance:testcases.TestAPI@7748410a]" started-at="2020-12-05T07:40:43Z" name="method_name" finished-at="2020-12-05T07:40:43Z" duration-ms="0" status="PASS">
          <params>
            <param index="0">
              <value>
                <![CDATA[public void testcases.TestAPI.check_options_req_woeid_url() throws java.lang.InterruptedException]]>
              </value>
            </param>
          </params>
          <reporter-output>
          </reporter-output>
        </test-method> <!-- method_name -->
        <test-method is-config="true" signature="tear(org.testng.ITestResult)[pri:0, instance:testcases.TestAPI@7748410a]" started-at="2020-12-05T07:40:44Z" name="tear" finished-at="2020-12-05T07:40:44Z" duration-ms="20" status="PASS">
          <params>
            <param index="0">
              <value>
                <![CDATA[[TestResult name=check_options_req_woeid_url status=SUCCESS method=TestAPI.check_options_req_woeid_url()[pri:0, instance:testcases.TestAPI@7748410a] output={null}]]]>
              </value>
            </param>
          </params>
          <reporter-output>
          </reporter-output>
        </test-method> <!-- tear -->
        <test-method is-config="true" signature="method_name(java.lang.reflect.Method)[pri:0, instance:testcases.TestAPI@7748410a]" started-at="2020-12-05T07:40:44Z" name="method_name" finished-at="2020-12-05T07:40:44Z" duration-ms="0" status="PASS">
          <params>
            <param index="0">
              <value>
                <![CDATA[public void testcases.TestAPI.check_post_req_date_url(java.lang.String)]]>
              </value>
            </param>
          </params>
          <reporter-output>
          </reporter-output>
        </test-method> <!-- method_name -->
        <test-method signature="check_post_req_date_url(java.lang.String)[pri:0, instance:testcases.TestAPI@7748410a]" started-at="2020-12-05T07:40:44Z" name="check_post_req_date_url" finished-at="2020-12-05T07:40:44Z" duration-ms="535" status="PASS">
          <params>
            <param index="0">
              <value>
                <![CDATA[2018/10/17]]>
              </value>
            </param>
          </params>
          <reporter-output>
          </reporter-output>
        </test-method> <!-- check_post_req_date_url -->
        <test-method is-config="true" signature="tear(org.testng.ITestResult)[pri:0, instance:testcases.TestAPI@7748410a]" started-at="2020-12-05T07:40:44Z" name="tear" finished-at="2020-12-05T07:40:44Z" duration-ms="35" status="PASS">
          <params>
            <param index="0">
              <value>
                <![CDATA[[TestResult name=check_post_req_date_url status=SUCCESS method=TestAPI.check_post_req_date_url(java.lang.String)[pri:0, instance:testcases.TestAPI@7748410a] output={null}]]]>
              </value>
            </param>
          </params>
          <reporter-output>
          </reporter-output>
        </test-method> <!-- tear -->
        <test-method signature="check_post_req_query_url()[pri:0, instance:testcases.TestAPI@7748410a]" started-at="2020-12-05T07:40:44Z" name="check_post_req_query_url" finished-at="2020-12-05T07:40:45Z" duration-ms="492" status="PASS">
          <reporter-output>
          </reporter-output>
        </test-method> <!-- check_post_req_query_url -->
        <test-method is-config="true" signature="method_name(java.lang.reflect.Method)[pri:0, instance:testcases.TestAPI@7748410a]" started-at="2020-12-05T07:40:44Z" name="method_name" finished-at="2020-12-05T07:40:44Z" duration-ms="0" status="PASS">
          <params>
            <param index="0">
              <value>
                <![CDATA[public void testcases.TestAPI.check_post_req_query_url()]]>
              </value>
            </param>
          </params>
          <reporter-output>
          </reporter-output>
        </test-method> <!-- method_name -->
        <test-method is-config="true" signature="tear(org.testng.ITestResult)[pri:0, instance:testcases.TestAPI@7748410a]" started-at="2020-12-05T07:40:45Z" name="tear" finished-at="2020-12-05T07:40:45Z" duration-ms="33" status="PASS">
          <params>
            <param index="0">
              <value>
                <![CDATA[[TestResult name=check_post_req_query_url status=SUCCESS method=TestAPI.check_post_req_query_url()[pri:0, instance:testcases.TestAPI@7748410a] output={null}]]]>
              </value>
            </param>
          </params>
          <reporter-output>
          </reporter-output>
        </test-method> <!-- tear -->
        <test-method signature="check_post_req_woeid_url()[pri:0, instance:testcases.TestAPI@7748410a]" started-at="2020-12-05T07:40:45Z" name="check_post_req_woeid_url" finished-at="2020-12-05T07:40:46Z" duration-ms="590" status="PASS">
          <reporter-output>
          </reporter-output>
        </test-method> <!-- check_post_req_woeid_url -->
        <test-method is-config="true" signature="method_name(java.lang.reflect.Method)[pri:0, instance:testcases.TestAPI@7748410a]" started-at="2020-12-05T07:40:45Z" name="method_name" finished-at="2020-12-05T07:40:45Z" duration-ms="0" status="PASS">
          <params>
            <param index="0">
              <value>
                <![CDATA[public void testcases.TestAPI.check_post_req_woeid_url() throws java.lang.InterruptedException]]>
              </value>
            </param>
          </params>
          <reporter-output>
          </reporter-output>
        </test-method> <!-- method_name -->
        <test-method is-config="true" signature="tear(org.testng.ITestResult)[pri:0, instance:testcases.TestAPI@7748410a]" started-at="2020-12-05T07:40:46Z" name="tear" finished-at="2020-12-05T07:40:46Z" duration-ms="28" status="PASS">
          <params>
            <param index="0">
              <value>
                <![CDATA[[TestResult name=check_post_req_woeid_url status=SUCCESS method=TestAPI.check_post_req_woeid_url()[pri:0, instance:testcases.TestAPI@7748410a] output={null}]]]>
              </value>
            </param>
          </params>
          <reporter-output>
          </reporter-output>
        </test-method> <!-- tear -->
        <test-method is-config="true" signature="method_name(java.lang.reflect.Method)[pri:0, instance:testcases.TestAPI@7748410a]" started-at="2020-12-05T07:40:46Z" name="method_name" finished-at="2020-12-05T07:40:46Z" duration-ms="0" status="PASS">
          <params>
            <param index="0">
              <value>
                <![CDATA[public void testcases.TestAPI.check_put_req_date_url(java.lang.String)]]>
              </value>
            </param>
          </params>
          <reporter-output>
          </reporter-output>
        </test-method> <!-- method_name -->
        <test-method signature="check_put_req_date_url(java.lang.String)[pri:0, instance:testcases.TestAPI@7748410a]" started-at="2020-12-05T07:40:46Z" name="check_put_req_date_url" finished-at="2020-12-05T07:40:46Z" duration-ms="475" status="PASS">
          <params>
            <param index="0">
              <value>
                <![CDATA[2018/10/17]]>
              </value>
            </param>
          </params>
          <reporter-output>
          </reporter-output>
        </test-method> <!-- check_put_req_date_url -->
        <test-method is-config="true" signature="tear(org.testng.ITestResult)[pri:0, instance:testcases.TestAPI@7748410a]" started-at="2020-12-05T07:40:46Z" name="tear" finished-at="2020-12-05T07:40:46Z" duration-ms="42" status="PASS">
          <params>
            <param index="0">
              <value>
                <![CDATA[[TestResult name=check_put_req_date_url status=SUCCESS method=TestAPI.check_put_req_date_url(java.lang.String)[pri:0, instance:testcases.TestAPI@7748410a] output={null}]]]>
              </value>
            </param>
          </params>
          <reporter-output>
          </reporter-output>
        </test-method> <!-- tear -->
        <test-method signature="check_put_req_query_url()[pri:0, instance:testcases.TestAPI@7748410a]" started-at="2020-12-05T07:40:46Z" name="check_put_req_query_url" finished-at="2020-12-05T07:40:47Z" duration-ms="506" status="PASS">
          <reporter-output>
          </reporter-output>
        </test-method> <!-- check_put_req_query_url -->
        <test-method is-config="true" signature="method_name(java.lang.reflect.Method)[pri:0, instance:testcases.TestAPI@7748410a]" started-at="2020-12-05T07:40:46Z" name="method_name" finished-at="2020-12-05T07:40:46Z" duration-ms="0" status="PASS">
          <params>
            <param index="0">
              <value>
                <![CDATA[public void testcases.TestAPI.check_put_req_query_url()]]>
              </value>
            </param>
          </params>
          <reporter-output>
          </reporter-output>
        </test-method> <!-- method_name -->
        <test-method is-config="true" signature="tear(org.testng.ITestResult)[pri:0, instance:testcases.TestAPI@7748410a]" started-at="2020-12-05T07:40:47Z" name="tear" finished-at="2020-12-05T07:40:47Z" duration-ms="34" status="PASS">
          <params>
            <param index="0">
              <value>
                <![CDATA[[TestResult name=check_put_req_query_url status=SUCCESS method=TestAPI.check_put_req_query_url()[pri:0, instance:testcases.TestAPI@7748410a] output={null}]]]>
              </value>
            </param>
          </params>
          <reporter-output>
          </reporter-output>
        </test-method> <!-- tear -->
        <test-method is-config="true" signature="method_name(java.lang.reflect.Method)[pri:0, instance:testcases.TestAPI@7748410a]" started-at="2020-12-05T07:40:47Z" name="method_name" finished-at="2020-12-05T07:40:47Z" duration-ms="1" status="PASS">
          <params>
            <param index="0">
              <value>
                <![CDATA[public void testcases.TestAPI.check_put_req_woeid_url() throws java.lang.InterruptedException]]>
              </value>
            </param>
          </params>
          <reporter-output>
          </reporter-output>
        </test-method> <!-- method_name -->
        <test-method signature="check_put_req_woeid_url()[pri:0, instance:testcases.TestAPI@7748410a]" started-at="2020-12-05T07:40:47Z" name="check_put_req_woeid_url" finished-at="2020-12-05T07:40:47Z" duration-ms="497" status="PASS">
          <reporter-output>
          </reporter-output>
        </test-method> <!-- check_put_req_woeid_url -->
        <test-method is-config="true" signature="tear(org.testng.ITestResult)[pri:0, instance:testcases.TestAPI@7748410a]" started-at="2020-12-05T07:40:47Z" name="tear" finished-at="2020-12-05T07:40:47Z" duration-ms="28" status="PASS">
          <params>
            <param index="0">
              <value>
                <![CDATA[[TestResult name=check_put_req_woeid_url status=SUCCESS method=TestAPI.check_put_req_woeid_url()[pri:0, instance:testcases.TestAPI@7748410a] output={null}]]]>
              </value>
            </param>
          </params>
          <reporter-output>
          </reporter-output>
        </test-method> <!-- tear -->
        <test-method is-config="true" signature="method_name(java.lang.reflect.Method)[pri:0, instance:testcases.TestAPI@7748410a]" started-at="2020-12-05T07:40:47Z" name="method_name" finished-at="2020-12-05T07:40:47Z" duration-ms="0" status="PASS">
          <params>
            <param index="0">
              <value>
                <![CDATA[public void testcases.TestAPI.check_response_for_country_woeid_url(java.lang.String)]]>
              </value>
            </param>
          </params>
          <reporter-output>
          </reporter-output>
        </test-method> <!-- method_name -->
        <test-method signature="check_response_for_country_woeid_url(java.lang.String)[pri:0, instance:testcases.TestAPI@7748410a]" started-at="2020-12-05T07:40:47Z" name="check_response_for_country_woeid_url" finished-at="2020-12-05T07:40:48Z" duration-ms="921" status="PASS">
          <params>
            <param index="0">
              <value>
                <![CDATA[23424848]]>
              </value>
            </param>
          </params>
          <reporter-output>
          </reporter-output>
        </test-method> <!-- check_response_for_country_woeid_url -->
        <test-method is-config="true" signature="tear(org.testng.ITestResult)[pri:0, instance:testcases.TestAPI@7748410a]" started-at="2020-12-05T07:40:48Z" name="tear" finished-at="2020-12-05T07:40:48Z" duration-ms="26" status="PASS">
          <params>
            <param index="0">
              <value>
                <![CDATA[[TestResult name=check_response_for_country_woeid_url status=SUCCESS method=TestAPI.check_response_for_country_woeid_url(java.lang.String)[pri:0, instance:testcases.TestAPI@7748410a] output={null}]]]>
              </value>
            </param>
          </params>
          <reporter-output>
          </reporter-output>
        </test-method> <!-- tear -->
        <test-method is-config="true" signature="method_name(java.lang.reflect.Method)[pri:0, instance:testcases.TestAPI@7748410a]" started-at="2020-12-05T07:40:48Z" name="method_name" finished-at="2020-12-05T07:40:48Z" duration-ms="0" status="PASS">
          <params>
            <param index="0">
              <value>
                <![CDATA[public void testcases.TestAPI.weather_report_for_anydate_for_entered_location(java.lang.String)]]>
              </value>
            </param>
          </params>
          <reporter-output>
          </reporter-output>
        </test-method> <!-- method_name -->
        <test-method signature="weather_report_for_anydate_for_entered_location(java.lang.String)[pri:0, instance:testcases.TestAPI@7748410a]" started-at="2020-12-05T07:40:48Z" name="weather_report_for_anydate_for_entered_location" finished-at="2020-12-05T07:40:50Z" duration-ms="1697" status="PASS">
          <params>
            <param index="0">
              <value>
                <![CDATA[2018/10/17]]>
              </value>
            </param>
          </params>
          <reporter-output>
          </reporter-output>
        </test-method> <!-- weather_report_for_anydate_for_entered_location -->
        <test-method is-config="true" signature="tear(org.testng.ITestResult)[pri:0, instance:testcases.TestAPI@7748410a]" started-at="2020-12-05T07:40:50Z" name="tear" finished-at="2020-12-05T07:40:50Z" duration-ms="29" status="PASS">
          <params>
            <param index="0">
              <value>
                <![CDATA[[TestResult name=weather_report_for_anydate_for_entered_location status=SUCCESS method=TestAPI.weather_report_for_anydate_for_entered_location(java.lang.String)[pri:0, instance:testcases.TestAPI@7748410a] output={null}]]]>
              </value>
            </param>
          </params>
          <reporter-output>
          </reporter-output>
        </test-method> <!-- tear -->
        <test-method signature="weather_report_for_tomorrow_for_entered_location()[pri:0, instance:testcases.TestAPI@7748410a]" started-at="2020-12-05T07:40:50Z" name="weather_report_for_tomorrow_for_entered_location" finished-at="2020-12-05T07:40:51Z" duration-ms="1321" status="PASS">
          <reporter-output>
          </reporter-output>
        </test-method> <!-- weather_report_for_tomorrow_for_entered_location -->
        <test-method is-config="true" signature="method_name(java.lang.reflect.Method)[pri:0, instance:testcases.TestAPI@7748410a]" started-at="2020-12-05T07:40:50Z" name="method_name" finished-at="2020-12-05T07:40:50Z" duration-ms="0" status="PASS">
          <params>
            <param index="0">
              <value>
                <![CDATA[public void testcases.TestAPI.weather_report_for_tomorrow_for_entered_location()]]>
              </value>
            </param>
          </params>
          <reporter-output>
          </reporter-output>
        </test-method> <!-- method_name -->
        <test-method is-config="true" signature="tear(org.testng.ITestResult)[pri:0, instance:testcases.TestAPI@7748410a]" started-at="2020-12-05T07:40:51Z" name="tear" finished-at="2020-12-05T07:40:51Z" duration-ms="34" status="PASS">
          <params>
            <param index="0">
              <value>
                <![CDATA[[TestResult name=weather_report_for_tomorrow_for_entered_location status=SUCCESS method=TestAPI.weather_report_for_tomorrow_for_entered_location()[pri:0, instance:testcases.TestAPI@7748410a] output={null}]]]>
              </value>
            </param>
          </params>
          <reporter-output>
          </reporter-output>
        </test-method> <!-- tear -->
        <test-method is-config="true" signature="method_name(java.lang.reflect.Method)[pri:0, instance:testcases.TestAPI@7748410a]" started-at="2020-12-05T07:40:51Z" name="method_name" finished-at="2020-12-05T07:40:51Z" duration-ms="0" status="PASS">
          <params>
            <param index="0">
              <value>
                <![CDATA[public void testcases.TestAPI.check_get_after_post_req_woeid_url() throws java.lang.InterruptedException]]>
              </value>
            </param>
          </params>
          <reporter-output>
          </reporter-output>
        </test-method> <!-- method_name -->
        <test-method signature="check_get_after_post_req_woeid_url()[pri:1, instance:testcases.TestAPI@7748410a]" started-at="2020-12-05T07:40:51Z" name="check_get_after_post_req_woeid_url" finished-at="2020-12-05T07:40:53Z" duration-ms="1662" status="PASS">
          <reporter-output>
          </reporter-output>
        </test-method> <!-- check_get_after_post_req_woeid_url -->
        <test-method is-config="true" signature="tear(org.testng.ITestResult)[pri:0, instance:testcases.TestAPI@7748410a]" started-at="2020-12-05T07:40:53Z" name="tear" finished-at="2020-12-05T07:40:53Z" duration-ms="26" status="PASS">
          <params>
            <param index="0">
              <value>
                <![CDATA[[TestResult name=check_get_after_post_req_woeid_url status=SUCCESS method=TestAPI.check_get_after_post_req_woeid_url()[pri:1, instance:testcases.TestAPI@7748410a] output={null}]]]>
              </value>
            </param>
          </params>
          <reporter-output>
          </reporter-output>
        </test-method> <!-- tear -->
        <test-method is-config="true" signature="stop_test()[pri:0, instance:testcases.TestAPI@7748410a]" started-at="2020-12-05T07:40:53Z" name="stop_test" finished-at="2020-12-05T07:40:53Z" duration-ms="1" status="PASS">
          <reporter-output>
          </reporter-output>
        </test-method> <!-- stop_test -->
      </class> <!-- testcases.TestAPI -->
    </test> <!-- Test -->
  </suite> <!-- Suite -->
</testng-results>
